[debug] [2021-02-06T21:53:29.290Z] ----------------------------------------------------------------------
[debug] [2021-02-06T21:53:29.292Z] Command:       C:\Program Files\nodejs\node.exe C:\Users\rfernandez\AppData\Roaming\npm\node_modules\firebase-tools\lib\bin\firebase.js init
[debug] [2021-02-06T21:53:29.292Z] CLI Version:   9.3.0
[debug] [2021-02-06T21:53:29.292Z] Platform:      win32
[debug] [2021-02-06T21:53:29.292Z] Node Version:  v14.15.0
[debug] [2021-02-06T21:53:29.294Z] Time:          Sat Feb 06 2021 22:53:29 GMT+0100 (hora estándar de Europa central)
[debug] [2021-02-06T21:53:29.294Z] ----------------------------------------------------------------------
[debug] [2021-02-06T21:53:29.294Z] 
[debug] [2021-02-06T21:53:29.303Z] > command requires scopes: ["email","openid","https://www.googleapis.com/auth/cloudplatformprojects.readonly","https://www.googleapis.com/auth/firebase","https://www.googleapis.com/auth/cloud-platform"]
[debug] [2021-02-06T21:53:29.304Z] > authorizing via signed-in user
[info] 
     ######## #### ########  ######## ########     ###     ######  ########
     ##        ##  ##     ## ##       ##     ##  ##   ##  ##       ##
     ######    ##  ########  ######   ########  #########  ######  ######
     ##        ##  ##    ##  ##       ##     ## ##     ##       ## ##
     ##       #### ##     ## ######## ########  ##     ##  ######  ########

You're about to initialize a Firebase project in this directory:

  C:\Users\rfernandez\Desktop\Proyects\rauldev

Before we get started, keep in mind:

  * You are initializing in an existing Firebase project directory

[info] 
=== Project Setup
[info] 
[info] First, let's associate this project directory with a Firebase project.
[info] You can create multiple project aliases by running firebase use --add, 
[info] but for now we'll just set up a default project.
[info] 
[info] i  .firebaserc already has a default project, using raul-developer. 
[debug] [2021-02-06T21:53:39.623Z] > refreshing access token with scopes: []
[debug] [2021-02-06T21:53:39.623Z] >>> HTTP REQUEST POST https://www.googleapis.com/oauth2/v3/token  
 <request body omitted>
[debug] [2021-02-06T21:53:39.818Z] <<< HTTP RESPONSE 200 {"pragma":"no-cache","expires":"Mon, 01 Jan 1990 00:00:00 GMT","date":"Sat, 06 Feb 2021 21:53:53 GMT","cache-control":"no-cache, no-store, max-age=0, must-revalidate","content-type":"application/json; charset=utf-8","vary":"X-Origin, Referer, Origin,Accept-Encoding","server":"scaffolding on HTTPServer2","x-xss-protection":"0","x-frame-options":"SAMEORIGIN","x-content-type-options":"nosniff","alt-svc":"h3-29=\":443\"; ma=2592000,h3-T051=\":443\"; ma=2592000,h3-Q050=\":443\"; ma=2592000,h3-Q046=\":443\"; ma=2592000,h3-Q043=\":443\"; ma=2592000,quic=\":443\"; ma=2592000; v=\"46,43\"","accept-ranges":"none","transfer-encoding":"chunked"}
[debug] [2021-02-06T21:53:39.848Z] >>> [apiv2][query] GET https://firebase.googleapis.com/v1beta1/projects/raul-developer [none]
[debug] [2021-02-06T21:53:40.091Z] <<< [apiv2][status] GET https://firebase.googleapis.com/v1beta1/projects/raul-developer 200
[debug] [2021-02-06T21:53:40.092Z] <<< [apiv2][body] GET https://firebase.googleapis.com/v1beta1/projects/raul-developer {"projectId":"raul-developer","projectNumber":"711227998412","displayName":"raul-developer","name":"projects/raul-developer","resources":{"hostingSite":"raul-developer","realtimeDatabaseInstance":"raul-developer"},"state":"ACTIVE"}
[info] 
=== Hosting Setup
[info] 
[info] Your public directory is the folder (relative to your project directory) that
[info] will contain Hosting assets to be uploaded with firebase deploy. If you
[info] have a build process for your assets, use your build's output directory.
[info] 
[debug] [2021-02-06T21:54:12.025Z] >>> [apiv2][query] GET https://www.gstatic.com/firebasejs/releases.json [none]
[debug] [2021-02-06T21:54:12.390Z] <<< [apiv2][status] GET https://www.gstatic.com/firebasejs/releases.json 200
[debug] [2021-02-06T21:54:12.390Z] <<< [apiv2][body] GET https://www.gstatic.com/firebasejs/releases.json {"current":{"version":"8.2.6","browserURL":"https://www.gstatic.com/firebasejs/8.2.6/firebase.js","packageURL":"https://www.gstatic.com/firebasejs/8.2.6/firebase.tgz"},"live":{"version":"8.2","browserURL":"https://www.gstatic.com/firebasejs/live/8.2/firebase.js","packageURL":"https://www.gstatic.com/firebasejs/live/8.2/firebase.tgz"},"components":{"analytics":"https://www.gstatic.com/firebasejs/8.2.6/firebase-analytics.js","app":"https://www.gstatic.com/firebasejs/8.2.6/firebase-app.js","auth":"https://www.gstatic.com/firebasejs/8.2.6/firebase-auth.js","database":"https://www.gstatic.com/firebasejs/8.2.6/firebase-database.js","firestore":"https://www.gstatic.com/firebasejs/8.2.6/firebase-firestore.js","functions":"https://www.gstatic.com/firebasejs/8.2.6/firebase-functions.js","installations":"https://www.gstatic.com/firebasejs/8.2.6/firebase-installations.js","messaging":"https://www.gstatic.com/firebasejs/8.2.6/firebase-messaging.js","storage":"https://www.gstatic.com/firebasejs/8.2.6/firebase-storage.js","performance":"https://www.gstatic.com/firebasejs/8.2.6/firebase-performance.js","remote-config":"https://www.gstatic.com/firebasejs/8.2.6/firebase-remote-config.js","firestore.memory":"https://www.gstatic.com/firebasejs/8.2.6/firebase-firestore.memory.js"}}
[info] i  Skipping write of dist/index.html 
[info] 
[info] i  Detected a .git folder at C:\Users\rfernandez\Desktop\Proyects\rauldev 
[info] i  Authorizing with GitHub to upload your service account to a GitHub repository's secrets store. 
[info] 
[info] Visit this URL on this device to log in:
[info] https://github.com/login/oauth/authorize?client_id=89cf50f02ac6aaed3484&state=789378873&redirect_uri=http%3A%2F%2Flocalhost%3A9005&scope=read%3Auser%20repo%20public_repo
[info] 
[info] Waiting for authentication...
[debug] [2021-02-06T21:55:27.096Z] >>> HTTP REQUEST POST https://github.com/login/oauth/access_token  
 {"client_id":"89cf50f02ac6aaed3484","client_secret":"3330d14abc895d9a74d5f17cd7a00711fa2c5bf0","code":"93bb2c31335f051cb94e","redirect_uri":"http://localhost:9005","state":"789378873"}
[debug] [2021-02-06T21:55:27.416Z] <<< HTTP RESPONSE 200 {"date":"Sat, 06 Feb 2021 21:55:40 GMT","content-type":"application/json; charset=utf-8","transfer-encoding":"chunked","server":"GitHub.com","vary":"X-PJAX, Accept-Encoding, Accept, X-Requested-With, Accept-Encoding","etag":"W/\"a2e4254787d80f98729d8cff2fd813c8\"","cache-control":"max-age=0, private, must-revalidate","strict-transport-security":"max-age=31536000; includeSubdomains; preload","x-frame-options":"deny","x-content-type-options":"nosniff","x-xss-protection":"1; mode=block","referrer-policy":"origin-when-cross-origin, strict-origin-when-cross-origin","expect-ct":"max-age=2592000, report-uri=\"https://api.github.com/_private/browser/errors\"","content-security-policy":"default-src 'none'; base-uri 'self'; block-all-mixed-content; connect-src 'self' uploads.github.com www.githubstatus.com collector.githubapp.com api.github.com github-cloud.s3.amazonaws.com github-production-repository-file-5c1aeb.s3.amazonaws.com github-production-upload-manifest-file-7fdce7.s3.amazonaws.com github-production-user-asset-6210df.s3.amazonaws.com cdn.optimizely.com logx.optimizely.com/v1/events wss://alive.github.com; font-src github.githubassets.com; form-action 'self' github.com gist.github.com; frame-ancestors 'none'; frame-src render.githubusercontent.com; img-src 'self' data: github.githubassets.com identicons.github.com collector.githubapp.com github-cloud.s3.amazonaws.com *.githubusercontent.com; manifest-src 'self'; media-src 'none'; script-src github.githubassets.com; style-src 'unsafe-inline' github.githubassets.com; worker-src github.com/socket-worker-5029ae85.js gist.github.com/socket-worker-5029ae85.js","x-github-request-id":"F692:C37D:20120ED:28D0C69:601F105C"}
[debug] [2021-02-06T21:55:27.417Z] >>> [apiv2][query] GET https://api.github.com/user [none]
[debug] [2021-02-06T21:55:27.758Z] <<< [apiv2][status] GET https://api.github.com/user 200
[debug] [2021-02-06T21:55:27.758Z] <<< [apiv2][body] GET https://api.github.com/user {"login":"rfdez77","id":32458587,"node_id":"MDQ6VXNlcjMyNDU4NTg3","avatar_url":"https://avatars.githubusercontent.com/u/32458587?v=4","gravatar_id":"","url":"https://api.github.com/users/rfdez77","html_url":"https://github.com/rfdez77","followers_url":"https://api.github.com/users/rfdez77/followers","following_url":"https://api.github.com/users/rfdez77/following{/other_user}","gists_url":"https://api.github.com/users/rfdez77/gists{/gist_id}","starred_url":"https://api.github.com/users/rfdez77/starred{/owner}{/repo}","subscriptions_url":"https://api.github.com/users/rfdez77/subscriptions","organizations_url":"https://api.github.com/users/rfdez77/orgs","repos_url":"https://api.github.com/users/rfdez77/repos","events_url":"https://api.github.com/users/rfdez77/events{/privacy}","received_events_url":"https://api.github.com/users/rfdez77/received_events","type":"User","site_admin":false,"name":"Raul Fernandez","company":null,"blog":"https://raul-developer.000webhostapp.com/#home","location":null,"email":null,"hireable":null,"bio":null,"twitter_username":null,"public_repos":1,"public_gists":0,"followers":0,"following":0,"created_at":"2017-10-02T14:23:02Z","updated_at":"2021-02-06T21:55:40Z","private_gists":0,"total_private_repos":0,"owned_private_repos":0,"disk_usage":1,"collaborators":0,"two_factor_authentication":false,"plan":{"name":"free","space":976562499,"collaborators":0,"private_repos":10000}}
[info] 
[info] +  Success! Logged into GitHub as rfdez77 
[info] 
